<?xml version="1.0" encoding="UTF-8"?>
<testsuite name="com.crud.tasks.TasksApplicationTests" tests="1" skipped="0" failures="0" errors="0" timestamp="2018-04-11T00:26:38" hostname="DESKTOP-H9QDO22" time="0.003">
  <properties/>
  <testcase name="contextLoads" classname="com.crud.tasks.TasksApplicationTests" time="0.003"/>
  <system-out><![CDATA[2018-04-11 01:26:30.208  INFO 18840 --- [    Test worker] .b.t.c.SpringBootTestContextBootstrapper : Neither @ContextConfiguration nor @ContextHierarchy found for test class [com.crud.tasks.TasksApplicationTests], using SpringBootContextLoader
2018-04-11 01:26:30.209  INFO 18840 --- [    Test worker] o.s.t.c.support.AbstractContextLoader    : Could not detect default resource locations for test class [com.crud.tasks.TasksApplicationTests]: no resource found for suffixes {-context.xml, Context.groovy}.
2018-04-11 01:26:30.210  INFO 18840 --- [    Test worker] t.c.s.AnnotationConfigContextLoaderUtils : Could not detect default configuration classes for test class [com.crud.tasks.TasksApplicationTests]: TasksApplicationTests does not declare any static, non-private, non-final, nested classes annotated with @Configuration.
2018-04-11 01:26:30.218  INFO 18840 --- [    Test worker] .b.t.c.SpringBootTestContextBootstrapper : Found @SpringBootConfiguration com.crud.tasks.TasksApplication for test class com.crud.tasks.TasksApplicationTests
2018-04-11 01:26:30.223  INFO 18840 --- [    Test worker] .b.t.c.SpringBootTestContextBootstrapper : Loaded default TestExecutionListener class names from location [META-INF/spring.factories]: [org.springframework.boot.test.autoconfigure.restdocs.RestDocsTestExecutionListener, org.springframework.boot.test.autoconfigure.web.client.MockRestServiceServerResetTestExecutionListener, org.springframework.boot.test.autoconfigure.web.servlet.MockMvcPrintOnlyOnFailureTestExecutionListener, org.springframework.boot.test.autoconfigure.web.servlet.WebDriverTestExecutionListener, org.springframework.boot.test.mock.mockito.MockitoTestExecutionListener, org.springframework.boot.test.mock.mockito.ResetMocksTestExecutionListener, org.springframework.test.context.web.ServletTestExecutionListener, org.springframework.test.context.support.DirtiesContextBeforeModesTestExecutionListener, org.springframework.test.context.support.DependencyInjectionTestExecutionListener, org.springframework.test.context.support.DirtiesContextTestExecutionListener, org.springframework.test.context.transaction.TransactionalTestExecutionListener, org.springframework.test.context.jdbc.SqlScriptsTestExecutionListener]
2018-04-11 01:26:30.224  INFO 18840 --- [    Test worker] .b.t.c.SpringBootTestContextBootstrapper : Using TestExecutionListeners: [org.springframework.test.context.web.ServletTestExecutionListener@a745764, org.springframework.test.context.support.DirtiesContextBeforeModesTestExecutionListener@2bcc5f64, org.springframework.boot.test.autoconfigure.SpringBootDependencyInjectionTestExecutionListener@22aa0336, org.springframework.test.context.support.DirtiesContextTestExecutionListener@4ee70fa3, org.springframework.test.context.transaction.TransactionalTestExecutionListener@6600ae6c, org.springframework.test.context.jdbc.SqlScriptsTestExecutionListener@2ffefab7, org.springframework.boot.test.autoconfigure.web.servlet.MockMvcPrintOnlyOnFailureTestExecutionListener@5d3fffcd, org.springframework.boot.test.autoconfigure.web.client.MockRestServiceServerResetTestExecutionListener@2b5379de, org.springframework.boot.test.mock.mockito.MockitoTestExecutionListener@48c3d116, org.springframework.boot.test.mock.mockito.ResetMocksTestExecutionListener@1030b1fb, org.springframework.boot.test.autoconfigure.restdocs.RestDocsTestExecutionListener@3253f5a7, org.springframework.boot.test.autoconfigure.web.servlet.WebDriverTestExecutionListener@2fee7ba]

  .   ____          _            __ _ _
 /\\ / ___'_ __ _ _(_)_ __  __ _ \ \ \ \
( ( )\___ | '_ | '_| | '_ \/ _` | \ \ \ \
 \\/  ___)| |_)| | | | | || (_| |  ) ) ) )
  '  |____| .__|_| |_|_| |_\__, | / / / /
 =========|_|==============|___/=/_/_/_/
 :: Spring Boot ::             (v2.0.0.M7)

2018-04-11 01:26:30.306  INFO 18840 --- [    Test worker] com.crud.tasks.TasksApplicationTests     : Starting TasksApplicationTests on DESKTOP-H9QDO22 with PID 18840 (started by Kasia in C:\Users\Kasia\Desktop\tasks)
2018-04-11 01:26:30.306  INFO 18840 --- [    Test worker] com.crud.tasks.TasksApplicationTests     : No active profile set, falling back to default profiles: default
2018-04-11 01:26:30.310  INFO 18840 --- [    Test worker] o.s.w.c.s.GenericWebApplicationContext   : Refreshing org.springframework.web.context.support.GenericWebApplicationContext@6a377e47: startup date [Wed Apr 11 01:26:30 BST 2018]; root of context hierarchy
2018-04-11 01:26:32.347  INFO 18840 --- [    Test worker] trationDelegate$BeanPostProcessorChecker : Bean 'org.springframework.transaction.annotation.ProxyTransactionManagementConfiguration' of type [org.springframework.transaction.annotation.ProxyTransactionManagementConfiguration$$EnhancerBySpringCGLIB$$117f29dd] is not eligible for getting processed by all BeanPostProcessors (for example: not eligible for auto-proxying)
2018-04-11 01:26:32.448  INFO 18840 --- [    Test worker] o.h.v.i.engine.ValidatorFactoryImpl      : HV000238: Temporal validation tolerance set to 0.
2018-04-11 01:26:32.816  INFO 18840 --- [    Test worker] com.zaxxer.hikari.HikariDataSource       : testdb - Starting...
2018-04-11 01:26:32.821  WARN 18840 --- [    Test worker] com.zaxxer.hikari.util.DriverDataSource  : Registered driver with driverClassName=com.mysql.jdbc.Driver was not found, trying direct instantiation.
2018-04-11 01:26:33.129  INFO 18840 --- [    Test worker] com.zaxxer.hikari.HikariDataSource       : testdb - Start completed.
2018-04-11 01:26:33.305  INFO 18840 --- [    Test worker] j.LocalContainerEntityManagerFactoryBean : Building JPA container EntityManagerFactory for persistence unit 'default'
2018-04-11 01:26:33.412  INFO 18840 --- [    Test worker] o.hibernate.jpa.internal.util.LogHelper  : HHH000204: Processing PersistenceUnitInfo [
	name: default
	...]
2018-04-11 01:26:33.778  INFO 18840 --- [    Test worker] org.hibernate.Version                    : HHH000412: Hibernate Core {5.2.12.Final}
2018-04-11 01:26:33.780  INFO 18840 --- [    Test worker] org.hibernate.cfg.Environment            : HHH000206: hibernate.properties not found
2018-04-11 01:26:33.915  INFO 18840 --- [    Test worker] o.hibernate.annotations.common.Version   : HCANN000001: Hibernate Commons Annotations {5.0.1.Final}
2018-04-11 01:26:34.246  INFO 18840 --- [    Test worker] org.hibernate.dialect.Dialect            : HHH000400: Using dialect: org.hibernate.dialect.MySQL5Dialect
2018-04-11 01:26:34.985  INFO 18840 --- [    Test worker] o.h.v.i.engine.ValidatorFactoryImpl      : HV000238: Temporal validation tolerance set to 0.
2018-04-11 01:26:35.418  INFO 18840 --- [    Test worker] j.LocalContainerEntityManagerFactoryBean : Initialized JPA EntityManagerFactory for persistence unit 'default'
2018-04-11 01:26:37.018  WARN 18840 --- [    Test worker] aWebConfiguration$JpaWebMvcConfiguration : spring.jpa.open-in-view is enabled by default. Therefore, database queries may be performed during view rendering. Explicitly configure spring.jpa.open-in-view to disable this warning
2018-04-11 01:26:37.088  INFO 18840 --- [    Test worker] s.w.s.m.m.a.RequestMappingHandlerMapping : Mapped "{[/v1/task/updateTask],methods=[PUT]}" onto public com.crud.tasks.domain.TaskDto com.crud.tasks.controller.TaskController.update(com.crud.tasks.domain.TaskDto)
2018-04-11 01:26:37.090  INFO 18840 --- [    Test worker] s.w.s.m.m.a.RequestMappingHandlerMapping : Mapped "{[/v1/task/deleteTask],methods=[DELETE]}" onto public void com.crud.tasks.controller.TaskController.delete(java.lang.Long)
2018-04-11 01:26:37.092  INFO 18840 --- [    Test worker] s.w.s.m.m.a.RequestMappingHandlerMapping : Mapped "{[/v1/task/getTask],methods=[GET]}" onto public com.crud.tasks.domain.TaskDto com.crud.tasks.controller.TaskController.getTask(java.lang.Long) throws com.crud.tasks.controller.TaskNotFoundException
2018-04-11 01:26:37.092  INFO 18840 --- [    Test worker] s.w.s.m.m.a.RequestMappingHandlerMapping : Mapped "{[/v1/task/createTask],methods=[POST],consumes=[application/json]}" onto public void com.crud.tasks.controller.TaskController.createTask(com.crud.tasks.domain.TaskDto)
2018-04-11 01:26:37.093  INFO 18840 --- [    Test worker] s.w.s.m.m.a.RequestMappingHandlerMapping : Mapped "{[/v1/task/getTasks],methods=[GET]}" onto public java.util.List<com.crud.tasks.domain.TaskDto> com.crud.tasks.controller.TaskController.getTasks()
2018-04-11 01:26:37.095  INFO 18840 --- [    Test worker] s.w.s.m.m.a.RequestMappingHandlerMapping : Mapped "{[/v1/trello/createTrelloCard],methods=[POST]}" onto public com.crud.tasks.domain.CreatedTrelloCardDto com.crud.tasks.controller.TrelloController.createdTrelloCard(com.crud.tasks.domain.TrelloCardDto)
2018-04-11 01:26:37.096  INFO 18840 --- [    Test worker] s.w.s.m.m.a.RequestMappingHandlerMapping : Mapped "{[/v1/trello/getTrelloBoards],methods=[GET]}" onto public java.util.List<com.crud.tasks.domain.TrelloBoardDto> com.crud.tasks.controller.TrelloController.getTrelloBoards()
2018-04-11 01:26:37.103  INFO 18840 --- [    Test worker] s.w.s.m.m.a.RequestMappingHandlerMapping : Mapped "{[/swagger-resources/configuration/security]}" onto public org.springframework.http.ResponseEntity<springfox.documentation.swagger.web.SecurityConfiguration> springfox.documentation.swagger.web.ApiResourceController.securityConfiguration()
2018-04-11 01:26:37.104  INFO 18840 --- [    Test worker] s.w.s.m.m.a.RequestMappingHandlerMapping : Mapped "{[/swagger-resources/configuration/ui]}" onto public org.springframework.http.ResponseEntity<springfox.documentation.swagger.web.UiConfiguration> springfox.documentation.swagger.web.ApiResourceController.uiConfiguration()
2018-04-11 01:26:37.105  INFO 18840 --- [    Test worker] s.w.s.m.m.a.RequestMappingHandlerMapping : Mapped "{[/swagger-resources]}" onto public org.springframework.http.ResponseEntity<java.util.List<springfox.documentation.swagger.web.SwaggerResource>> springfox.documentation.swagger.web.ApiResourceController.swaggerResources()
2018-04-11 01:26:37.109  INFO 18840 --- [    Test worker] s.w.s.m.m.a.RequestMappingHandlerMapping : Mapped "{[/error]}" onto public org.springframework.http.ResponseEntity<java.util.Map<java.lang.String, java.lang.Object>> org.springframework.boot.autoconfigure.web.servlet.error.BasicErrorController.error(javax.servlet.http.HttpServletRequest)
2018-04-11 01:26:37.110  INFO 18840 --- [    Test worker] s.w.s.m.m.a.RequestMappingHandlerMapping : Mapped "{[/error],produces=[text/html]}" onto public org.springframework.web.servlet.ModelAndView org.springframework.boot.autoconfigure.web.servlet.error.BasicErrorController.errorHtml(javax.servlet.http.HttpServletRequest,javax.servlet.http.HttpServletResponse)
2018-04-11 01:26:37.270  INFO 18840 --- [    Test worker] pertySourcedRequestMappingHandlerMapping : Mapped URL path [/v2/api-docs] onto method [public org.springframework.http.ResponseEntity<springfox.documentation.spring.web.json.Json> springfox.documentation.swagger2.web.Swagger2Controller.getDocumentation(java.lang.String,javax.servlet.http.HttpServletRequest)]
2018-04-11 01:26:37.726  INFO 18840 --- [    Test worker] o.h.v.i.engine.ValidatorFactoryImpl      : HV000238: Temporal validation tolerance set to 0.
2018-04-11 01:26:37.842  INFO 18840 --- [    Test worker] s.w.s.m.m.a.RequestMappingHandlerAdapter : Looking for @ControllerAdvice: org.springframework.web.context.support.GenericWebApplicationContext@6a377e47: startup date [Wed Apr 11 01:26:30 BST 2018]; root of context hierarchy
2018-04-11 01:26:37.899  INFO 18840 --- [    Test worker] o.s.w.s.handler.SimpleUrlHandlerMapping  : Mapped URL path [/lib/**] onto handler of type [class org.springframework.web.servlet.resource.ResourceHttpRequestHandler]
2018-04-11 01:26:37.899  INFO 18840 --- [    Test worker] o.s.w.s.handler.SimpleUrlHandlerMapping  : Mapped URL path [/images/**] onto handler of type [class org.springframework.web.servlet.resource.ResourceHttpRequestHandler]
2018-04-11 01:26:37.899  INFO 18840 --- [    Test worker] o.s.w.s.handler.SimpleUrlHandlerMapping  : Mapped URL path [/css/**] onto handler of type [class org.springframework.web.servlet.resource.ResourceHttpRequestHandler]
2018-04-11 01:26:37.900  INFO 18840 --- [    Test worker] o.s.w.s.handler.SimpleUrlHandlerMapping  : Mapped URL path [/swagger-ui.html] onto handler of type [class org.springframework.web.servlet.resource.ResourceHttpRequestHandler]
2018-04-11 01:26:37.900  INFO 18840 --- [    Test worker] o.s.w.s.handler.SimpleUrlHandlerMapping  : Mapped URL path [/webjars/**] onto handler of type [class org.springframework.web.servlet.resource.ResourceHttpRequestHandler]
2018-04-11 01:26:37.900  INFO 18840 --- [    Test worker] o.s.w.s.handler.SimpleUrlHandlerMapping  : Mapped URL path [/**] onto handler of type [class org.springframework.web.servlet.resource.ResourceHttpRequestHandler]
2018-04-11 01:26:37.953  INFO 18840 --- [    Test worker] o.s.w.s.handler.SimpleUrlHandlerMapping  : Mapped URL path [/**/favicon.ico] onto handler of type [class org.springframework.web.servlet.resource.ResourceHttpRequestHandler]
2018-04-11 01:26:38.298  INFO 18840 --- [    Test worker] o.s.c.support.DefaultLifecycleProcessor  : Starting beans in phase 2147483647
2018-04-11 01:26:38.298  INFO 18840 --- [    Test worker] d.s.w.p.DocumentationPluginsBootstrapper : Context refreshed
2018-04-11 01:26:38.299  INFO 18840 --- [    Test worker] d.s.w.p.DocumentationPluginsBootstrapper : Found 1 custom documentation plugin(s)
2018-04-11 01:26:38.309  INFO 18840 --- [    Test worker] s.d.s.w.s.ApiListingReferenceScanner     : Scanning for api listing references
2018-04-11 01:26:38.366  INFO 18840 --- [    Test worker] s.a.ScheduledAnnotationBeanPostProcessor : No TaskScheduler/ScheduledExecutorService bean found for scheduled processing
2018-04-11 01:26:38.372  INFO 18840 --- [    Test worker] com.crud.tasks.TasksApplicationTests     : Started TasksApplicationTests in 8.145 seconds (JVM running for 19.147)
]]></system-out>
  <system-err><![CDATA[Loading class `com.mysql.jdbc.Driver'. This is deprecated. The new driver class is `com.mysql.cj.jdbc.Driver'. The driver is automatically registered via the SPI and manual loading of the driver class is generally unnecessary.
]]></system-err>
</testsuite>
