<?xml version="1.0" encoding="UTF-8"?>
<testsuite name="com.crud.tasks.TasksApplicationTests" tests="1" skipped="0" failures="0" errors="0" timestamp="2018-03-01T18:30:38" hostname="DESKTOP-H9QDO22" time="0.632">
  <properties/>
  <testcase name="contextLoads" classname="com.crud.tasks.TasksApplicationTests" time="0.632"/>
  <system-out><![CDATA[18:30:17.125 [Test worker] DEBUG org.springframework.test.context.junit4.SpringJUnit4ClassRunner - SpringJUnit4ClassRunner constructor called with [class com.crud.tasks.TasksApplicationTests]
18:30:17.148 [Test worker] DEBUG org.springframework.test.context.BootstrapUtils - Instantiating CacheAwareContextLoaderDelegate from class [org.springframework.test.context.cache.DefaultCacheAwareContextLoaderDelegate]
18:30:17.173 [Test worker] DEBUG org.springframework.test.context.BootstrapUtils - Instantiating BootstrapContext using constructor [public org.springframework.test.context.support.DefaultBootstrapContext(java.lang.Class,org.springframework.test.context.CacheAwareContextLoaderDelegate)]
18:30:17.240 [Test worker] DEBUG org.springframework.test.context.BootstrapUtils - Instantiating TestContextBootstrapper for test class [com.crud.tasks.TasksApplicationTests] from class [org.springframework.boot.test.context.SpringBootTestContextBootstrapper]
18:30:17.311 [Test worker] INFO org.springframework.boot.test.context.SpringBootTestContextBootstrapper - Neither @ContextConfiguration nor @ContextHierarchy found for test class [com.crud.tasks.TasksApplicationTests], using SpringBootContextLoader
18:30:17.324 [Test worker] DEBUG org.springframework.test.context.support.AbstractContextLoader - Did not detect default resource location for test class [com.crud.tasks.TasksApplicationTests]: class path resource [com/crud/tasks/TasksApplicationTests-context.xml] does not exist
18:30:17.326 [Test worker] DEBUG org.springframework.test.context.support.AbstractContextLoader - Did not detect default resource location for test class [com.crud.tasks.TasksApplicationTests]: class path resource [com/crud/tasks/TasksApplicationTestsContext.groovy] does not exist
18:30:17.326 [Test worker] INFO org.springframework.test.context.support.AbstractContextLoader - Could not detect default resource locations for test class [com.crud.tasks.TasksApplicationTests]: no resource found for suffixes {-context.xml, Context.groovy}.
18:30:17.332 [Test worker] INFO org.springframework.test.context.support.AnnotationConfigContextLoaderUtils - Could not detect default configuration classes for test class [com.crud.tasks.TasksApplicationTests]: TasksApplicationTests does not declare any static, non-private, non-final, nested classes annotated with @Configuration.
18:30:17.489 [Test worker] DEBUG org.springframework.test.context.support.ActiveProfilesUtils - Could not find an 'annotation declaring class' for annotation type [org.springframework.test.context.ActiveProfiles] and class [com.crud.tasks.TasksApplicationTests]
18:30:17.514 [Test worker] DEBUG org.springframework.core.env.StandardEnvironment - Adding PropertySource 'systemProperties' with lowest search precedence
18:30:17.515 [Test worker] DEBUG org.springframework.core.env.StandardEnvironment - Adding PropertySource 'systemEnvironment' with lowest search precedence
18:30:17.516 [Test worker] DEBUG org.springframework.core.env.StandardEnvironment - Initialized StandardEnvironment with PropertySources [MapPropertySource@2050778577 {name='systemProperties', properties={java.runtime.name=Java(TM) SE Runtime Environment, sun.boot.library.path=C:\Program Files\Java\jdk1.8.0_144\jre\bin, java.vm.version=25.144-b01, java.vm.vendor=Oracle Corporation, java.vendor.url=http://java.oracle.com/, path.separator=;, java.vm.name=Java HotSpot(TM) 64-Bit Server VM, file.encoding.pkg=sun.io, user.script=, sun.java.launcher=SUN_STANDARD, user.country=US, sun.os.patch.level=, java.vm.specification.name=Java Virtual Machine Specification, user.dir=C:\Users\Kasia\Desktop\tasks, java.runtime.version=1.8.0_144-b01, java.awt.graphicsenv=sun.awt.Win32GraphicsEnvironment, java.endorsed.dirs=C:\Program Files\Java\jdk1.8.0_144\jre\lib\endorsed, os.arch=amd64, java.io.tmpdir=C:\Users\Kasia\AppData\Local\Temp\, line.separator=
, java.vm.specification.vendor=Oracle Corporation, user.variant=, os.name=Windows 10, sun.jnu.encoding=Cp1250, java.library.path=C:\Program Files\Java\jdk1.8.0_144\bin;C:\WINDOWS\Sun\Java\bin;C:\WINDOWS\system32;C:\WINDOWS;C:\Program Files\Git\mingw64\bin;C:\Program Files\Git\usr\bin;C:\Users\Kasia\bin;C:\ProgramData\Oracle\Java\javapath;C:\Program Files (x86)\Intel\iCLS Client\;C:\Program Files\Intel\iCLS Client\;C:\WINDOWS\system32;C:\WINDOWS;C:\WINDOWS\System32\Wbem;C:\WINDOWS\System32\WindowsPowerShell\v1.0\;C:\Program Files (x86)\Intel\Intel(R) Management Engine Components\DAL;C:\Program Files\Intel\Intel(R) Management Engine Components\DAL;C:\Program Files (x86)\Intel\Intel(R) Management Engine Components\IPT;C:\Program Files\Intel\Intel(R) Management Engine Components\IPT;C:\Program Files\Intel\WiFi\bin\;C:\Program Files\Common Files\Intel\WirelessCommon\;C:\Program Files\Java\jdk1.8.0_144\bin;C:\gradle-4.3.1\bin;C:\Program Files\dotnet\;C:\Program Files\MySQL\MySQL Utilities 1.6\;C:\Program Files\Git\cmd;C:\Users\Kasia\AppData\Local\Microsoft\WindowsApps;C:\Program Files\Java\jdk1.8.0_144\bin;C:\Program Files\Heroku\bin;., java.specification.name=Java Platform API Specification, java.class.version=52.0, org.gradle.native=false, sun.management.compiler=HotSpot 64-Bit Tiered Compilers, os.version=10.0, user.home=C:\Users\Kasia, user.timezone=Europe/London, java.awt.printerjob=sun.awt.windows.WPrinterJob, file.encoding=windows-1250, java.specification.version=1.8, java.class.path=C:\Users\Kasia\Desktop\tasks\build\classes\java\test;C:\Users\Kasia\Desktop\tasks\build\resources\test;C:\Users\Kasia\Desktop\tasks\build\classes\java\main;C:\Users\Kasia\Desktop\tasks\build\resources\main;C:\Users\Kasia\.gradle\caches\modules-2\files-2.1\org.springframework.boot\spring-boot-starter-web\2.0.0.M7\eb364c43417c6de883c38ffc9d79b91a63c9c3bd\spring-boot-starter-web-2.0.0.M7.jar;C:\Users\Kasia\.gradle\caches\modules-2\files-2.1\org.springframework.boot\spring-boot-starter-data-jpa\2.0.0.M7\2b296829ab8517ff3754bdab10d85536767038c2\spring-boot-starter-data-jpa-2.0.0.M7.jar;C:\Users\Kasia\.gradle\caches\modules-2\files-2.1\mysql\mysql-connector-java\5.1.44\61b6b998192c85bb581c6be90e03dcd4b9079db4\mysql-connector-java-5.1.44.jar;C:\Users\Kasia\.gradle\caches\modules-2\files-2.1\org.projectlombok\lombok\1.16.18\557d13dcb647038dc687390711ccb5c9b3ffbd60\lombok-1.16.18.jar;C:\Users\Kasia\.gradle\caches\modules-2\files-2.1\org.springframework.boot\spring-boot-starter-test\2.0.0.M7\8cf69bda8093fc1fb7436a82fac3adde4fd5e97b\spring-boot-starter-test-2.0.0.M7.jar;C:\Users\Kasia\.gradle\caches\modules-2\files-2.1\org.springframework.boot\spring-boot-starter-json\2.0.0.M7\7f352d7960cbe1a341e0721625dddb1bca6c5313\spring-boot-starter-json-2.0.0.M7.jar;C:\Users\Kasia\.gradle\caches\modules-2\files-2.1\org.springframework.boot\spring-boot-starter-aop\2.0.0.M7\6a979041d2c43d4f5ba8025ba6fafb0df4698679\spring-boot-starter-aop-2.0.0.M7.jar;C:\Users\Kasia\.gradle\caches\modules-2\files-2.1\org.springframework.boot\spring-boot-starter-jdbc\2.0.0.M7\cd0eb5ba738573c70b24f5aab663c9e8270d4d93\spring-boot-starter-jdbc-2.0.0.M7.jar;C:\Users\Kasia\.gradle\caches\modules-2\files-2.1\org.springframework.boot\spring-boot-starter\2.0.0.M7\b9affaea8ab21294386d5c2682b66f143852878d\spring-boot-starter-2.0.0.M7.jar;C:\Users\Kasia\.gradle\caches\modules-2\files-2.1\org.springframework.boot\spring-boot-starter-tomcat\2.0.0.M7\709f5f42c3cfdc6d5a5d6921b7bcb7714f8d638c\spring-boot-starter-tomcat-2.0.0.M7.jar;C:\Users\Kasia\.gradle\caches\modules-2\files-2.1\org.hibernate.validator\hibernate-validator\6.0.5.Final\c0a53a8178a0487c5f2fe84434b9965a3cd44f22\hibernate-validator-6.0.5.Final.jar;C:\Users\Kasia\.gradle\caches\modules-2\files-2.1\org.springframework\spring-webmvc\5.0.2.RELEASE\8dbe4a28cae3ffa222aeff6776a3928a88d66e6f\spring-webmvc-5.0.2.RELEASE.jar;C:\Users\Kasia\.gradle\caches\modules-2\files-2.1\org.springframework\spring-web\5.0.2.RELEASE\eea8edef792fb93c1c55cc61078ce14ffb3542df\spring-web-5.0.2.RELEASE.jar;C:\Users\Kasia\.gradle\caches\modules-2\files-2.1\org.hibernate\hibernate-core\5.2.12.Final\ea479b6692e22c9b642dd4142db670e92d106544\hibernate-core-5.2.12.Final.jar;C:\Users\Kasia\.gradle\caches\modules-2\files-2.1\javax.transaction\javax.transaction-api\1.2\d81aff979d603edd90dcd8db2abc1f4ce6479e3e\javax.transaction-api-1.2.jar;C:\Users\Kasia\.gradle\caches\modules-2\files-2.1\org.springframework.data\spring-data-jpa\2.0.2.RELEASE\87ab35c6913a55acade27592161d3b7a543c68a9\spring-data-jpa-2.0.2.RELEASE.jar;C:\Users\Kasia\.gradle\caches\modules-2\files-2.1\org.springframework\spring-aspects\5.0.2.RELEASE\b26a3ab00f741144c4e2dab39c0ab0ea7a411ef\spring-aspects-5.0.2.RELEASE.jar;C:\Users\Kasia\.gradle\caches\modules-2\files-2.1\org.springframework.boot\spring-boot-test-autoconfigure\2.0.0.M7\e394cadb478d2010bc16e3bb9bb4aae3393c5241\spring-boot-test-autoconfigure-2.0.0.M7.jar;C:\Users\Kasia\.gradle\caches\modules-2\files-2.1\org.springframework.boot\spring-boot-test\2.0.0.M7\6a9052117e71cce41eb0bddb68b97ffeaf0b32c4\spring-boot-test-2.0.0.M7.jar;C:\Users\Kasia\.gradle\caches\modules-2\files-2.1\com.jayway.jsonpath\json-path\2.4.0\765a4401ceb2dc8d40553c2075eb80a8fa35c2ae\json-path-2.4.0.jar;C:\Users\Kasia\.gradle\caches\modules-2\files-2.1\junit\junit\4.12\2973d150c0dc1fefe998f834810d68f278ea58ec\junit-4.12.jar;C:\Users\Kasia\.gradle\caches\modules-2\files-2.1\org.assertj\assertj-core\3.8.0\b209d90ff2e279bee3e02547ee7b11349c52d0e3\assertj-core-3.8.0.jar;C:\Users\Kasia\.gradle\caches\modules-2\files-2.1\org.mockito\mockito-core\2.12.0\a42fb82aa1eccb27c3f0371c8bc7385ae1c6598d\mockito-core-2.12.0.jar;C:\Users\Kasia\.gradle\caches\modules-2\files-2.1\org.hamcrest\hamcrest-library\1.3\4785a3c21320980282f9f33d0d1264a69040538f\hamcrest-library-1.3.jar;C:\Users\Kasia\.gradle\caches\modules-2\files-2.1\org.hamcrest\hamcrest-core\1.3\42a25dc3219429f0e5d060061f71acb49bf010a0\hamcrest-core-1.3.jar;C:\Users\Kasia\.gradle\caches\modules-2\files-2.1\org.skyscreamer\jsonassert\1.5.0\6c9d5fe2f59da598d9aefc1cfc6528ff3cf32df3\jsonassert-1.5.0.jar;C:\Users\Kasia\.gradle\caches\modules-2\files-2.1\org.springframework\spring-test\5.0.2.RELEASE\a6fdd26c9a21958134522a5232e9f23929985f9\spring-test-5.0.2.RELEASE.jar;C:\Users\Kasia\.gradle\caches\modules-2\files-2.1\org.springframework.boot\spring-boot-autoconfigure\2.0.0.M7\db2360882ec36c119c4378d01b0325a833b07271\spring-boot-autoconfigure-2.0.0.M7.jar;C:\Users\Kasia\.gradle\caches\modules-2\files-2.1\org.springframework.boot\spring-boot\2.0.0.M7\b1e1ad98517ae8988dd578b3ae2e2705c8f5634\spring-boot-2.0.0.M7.jar;C:\Users\Kasia\.gradle\caches\modules-2\files-2.1\org.springframework\spring-context\5.0.2.RELEASE\743a5f6d94a8af5759e6e70c360a7b4a47a704c\spring-context-5.0.2.RELEASE.jar;C:\Users\Kasia\.gradle\caches\modules-2\files-2.1\org.springframework\spring-aop\5.0.2.RELEASE\4d49aa2cff33be79da99413e28a905898600ccaa\spring-aop-5.0.2.RELEASE.jar;C:\Users\Kasia\.gradle\caches\modules-2\files-2.1\org.springframework\spring-orm\5.0.2.RELEASE\59f207a8426f6090734663afcd6d6003cca57ce8\spring-orm-5.0.2.RELEASE.jar;C:\Users\Kasia\.gradle\caches\modules-2\files-2.1\org.springframework\spring-jdbc\5.0.2.RELEASE\5efc255d4073cfa639ecf8e92f162528519f9dd3\spring-jdbc-5.0.2.RELEASE.jar;C:\Users\Kasia\.gradle\caches\modules-2\files-2.1\org.springframework.data\spring-data-commons\2.0.2.RELEASE\1befa3239976b856202b1735531910a0c2f4e17f\spring-data-commons-2.0.2.RELEASE.jar;C:\Users\Kasia\.gradle\caches\modules-2\files-2.1\org.springframework\spring-tx\5.0.2.RELEASE\38ef30ad6e34b5004c8955685b6a7ea753717b7d\spring-tx-5.0.2.RELEASE.jar;C:\Users\Kasia\.gradle\caches\modules-2\files-2.1\org.springframework\spring-beans\5.0.2.RELEASE\301ee07b390bc8b5691f4206411b49beb06f7ff2\spring-beans-5.0.2.RELEASE.jar;C:\Users\Kasia\.gradle\caches\modules-2\files-2.1\org.springframework\spring-expression\5.0.2.RELEASE\246bf50b5b46379041d333b4a46a01a7aea0b788\spring-expression-5.0.2.RELEASE.jar;C:\Users\Kasia\.gradle\caches\modules-2\files-2.1\org.springframework\spring-core\5.0.2.RELEASE\45b2958ab3fb022dd29f8b1c553ebf1c75a144aa\spring-core-5.0.2.RELEASE.jar;C:\Users\Kasia\.gradle\caches\modules-2\files-2.1\org.xmlunit\xmlunit-core\2.5.1\4ffdb346572a7356f7521cd3119ce5287d2e339d\xmlunit-core-2.5.1.jar;C:\Users\Kasia\.gradle\caches\modules-2\files-2.1\org.springframework.boot\spring-boot-starter-logging\2.0.0.M7\328a8032b5ed852958d410dec02638c0a93b3cb1\spring-boot-starter-logging-2.0.0.M7.jar;C:\Users\Kasia\.gradle\caches\modules-2\files-2.1\javax.annotation\javax.annotation-api\1.3.1\20a2c0583598d68b0835474bbe07792d4f3b219f\javax.annotation-api-1.3.1.jar;C:\Users\Kasia\.gradle\caches\modules-2\files-2.1\org.yaml\snakeyaml\1.19\2d998d3d674b172a588e54ab619854d073f555b5\snakeyaml-1.19.jar;C:\Users\Kasia\.gradle\caches\modules-2\files-2.1\com.fasterxml.jackson.datatype\jackson-datatype-jdk8\2.9.2\9b0b7c623262e29c73e8f6a78f6150372d2066f8\jackson-datatype-jdk8-2.9.2.jar;C:\Users\Kasia\.gradle\caches\modules-2\files-2.1\com.fasterxml.jackson.datatype\jackson-datatype-jsr310\2.9.2\e1653d338703d8233cc1ac18c6722510bdaceb4f\jackson-datatype-jsr310-2.9.2.jar;C:\Users\Kasia\.gradle\caches\modules-2\files-2.1\com.fasterxml.jackson.module\jackson-module-parameter-names\2.9.2\be78ca220839b2c53ebd33fd4d580b5a0cacdd5a\jackson-module-parameter-names-2.9.2.jar;C:\Users\Kasia\.gradle\caches\modules-2\files-2.1\com.fasterxml.jackson.core\jackson-databind\2.9.2\1d8d8cb7cf26920ba57fb61fa56da88cc123b21f\jackson-databind-2.9.2.jar;C:\Users\Kasia\.gradle\caches\modules-2\files-2.1\org.apache.tomcat.embed\tomcat-embed-websocket\8.5.23\52f07abcae10dc7e1764304b0877def175c2c833\tomcat-embed-websocket-8.5.23.jar;C:\Users\Kasia\.gradle\caches\modules-2\files-2.1\org.apache.tomcat.embed\tomcat-embed-core\8.5.23\79261793a47f507890ee08f749b9d81774e4f7f0\tomcat-embed-core-8.5.23.jar;C:\Users\Kasia\.gradle\caches\modules-2\files-2.1\org.apache.tomcat.embed\tomcat-embed-el\8.5.23\98d979cde444dffa6d434c8377d0123b2dfa614c\tomcat-embed-el-8.5.23.jar;C:\Users\Kasia\.gradle\caches\modules-2\files-2.1\javax.validation\validation-api\2.0.0.Final\4a7ff48084bd336c4de1f79f027f6f77badf399e\validation-api-2.0.0.Final.jar;C:\Users\Kasia\.gradle\caches\modules-2\files-2.1\org.hibernate.common\hibernate-commons-annotations\5.0.1.Final\71e1cff3fcb20d3b3af4f3363c3ddb24d33c6879\hibernate-commons-annotations-5.0.1.Final.jar;C:\Users\Kasia\.gradle\caches\modules-2\files-2.1\org.jboss.logging\jboss-logging\3.3.1.Final\c46217ab74b532568c0ed31dc599db3048bd1b67\jboss-logging-3.3.1.Final.jar;C:\Users\Kasia\.gradle\caches\modules-2\files-2.1\com.fasterxml\classmate\1.3.4\3d5f48f10bbe4eb7bd862f10c0583be2e0053c6\classmate-1.3.4.jar;C:\Users\Kasia\.gradle\caches\modules-2\files-2.1\org.aspectj\aspectjweaver\1.8.13\ad94df2a28d658a40dc27bbaff6a1ce5fbf04e9b\aspectjweaver-1.8.13.jar;C:\Users\Kasia\.gradle\caches\modules-2\files-2.1\com.zaxxer\HikariCP\2.7.4\c101cbc2d07c0adffa0857e742229ef785892699\HikariCP-2.7.4.jar;C:\Users\Kasia\.gradle\caches\modules-2\files-2.1\org.hibernate.javax.persistence\hibernate-jpa-2.1-api\1.0.0.Final\5e731d961297e5a07290bfaf3db1fbc8bbbf405a\hibernate-jpa-2.1-api-1.0.0.Final.jar;C:\Users\Kasia\.gradle\caches\modules-2\files-2.1\org.javassist\javassist\3.22.0-CR2\44eaf0990dea92f4bca4b9931b2239c0e8756ee7\javassist-3.22.0-CR2.jar;C:\Users\Kasia\.gradle\caches\modules-2\files-2.1\antlr\antlr\2.7.7\83cd2cd674a217ade95a4bb83a8a14f351f48bd0\antlr-2.7.7.jar;C:\Users\Kasia\.gradle\caches\modules-2\files-2.1\org.jboss\jandex\2.0.3.Final\bfc4d6257dbff7a33a357f0de116be6ff951d849\jandex-2.0.3.Final.jar;C:\Users\Kasia\.gradle\caches\modules-2\files-2.1\dom4j\dom4j\1.6.1\5d3ccc056b6f056dbf0dddfdf43894b9065a8f94\dom4j-1.6.1.jar;C:\Users\Kasia\.gradle\caches\modules-2\files-2.1\ch.qos.logback\logback-classic\1.2.3\7c4f3c474fb2c041d8028740440937705ebb473a\logback-classic-1.2.3.jar;C:\Users\Kasia\.gradle\caches\modules-2\files-2.1\org.apache.logging.log4j\log4j-to-slf4j\2.10.0\f7e631ccf49cfc0aefa4a2a728da7d374c05bd3c\log4j-to-slf4j-2.10.0.jar;C:\Users\Kasia\.gradle\caches\modules-2\files-2.1\org.slf4j\jul-to-slf4j\1.7.25\af5364cd6679bfffb114f0dec8a157aaa283b76\jul-to-slf4j-1.7.25.jar;C:\Users\Kasia\.gradle\caches\modules-2\files-2.1\org.slf4j\slf4j-api\1.7.25\da76ca59f6a57ee3102f8f9bd9cee742973efa8a\slf4j-api-1.7.25.jar;C:\Users\Kasia\.gradle\caches\modules-2\files-2.1\net.minidev\json-smart\2.3\7396407491352ce4fa30de92efb158adb76b5b\json-smart-2.3.jar;C:\Users\Kasia\.gradle\caches\modules-2\files-2.1\net.bytebuddy\byte-buddy\1.7.9\51218a01a882c04d0aba8c028179cce488bbcb58\byte-buddy-1.7.9.jar;C:\Users\Kasia\.gradle\caches\modules-2\files-2.1\net.bytebuddy\byte-buddy-agent\1.7.9\a6c65f9da7f467ee1f02ff2841ffd3155aee2fc9\byte-buddy-agent-1.7.9.jar;C:\Users\Kasia\.gradle\caches\modules-2\files-2.1\org.objenesis\objenesis\2.6\639033469776fd37c08358c6b92a4761feb2af4b\objenesis-2.6.jar;C:\Users\Kasia\.gradle\caches\modules-2\files-2.1\com.vaadin.external.google\android-json\0.0.20131108.vaadin1\fa26d351fe62a6a17f5cda1287c1c6110dec413f\android-json-0.0.20131108.vaadin1.jar;C:\Users\Kasia\.gradle\caches\modules-2\files-2.1\org.springframework\spring-jcl\5.0.2.RELEASE\212a0bdd54e026641cf527aeb8e578f86e402bf1\spring-jcl-5.0.2.RELEASE.jar;C:\Users\Kasia\.gradle\caches\modules-2\files-2.1\com.fasterxml.jackson.core\jackson-annotations\2.9.0\7c10d545325e3a6e72e06381afe469fd40eb701\jackson-annotations-2.9.0.jar;C:\Users\Kasia\.gradle\caches\modules-2\files-2.1\com.fasterxml.jackson.core\jackson-core\2.9.2\aed20e50152a2f19adc1995c8d8f307c7efa414d\jackson-core-2.9.2.jar;C:\Users\Kasia\.gradle\caches\modules-2\files-2.1\org.apache.tomcat\tomcat-annotations-api\8.5.23\aaf17df9fe0240e9e9d5375d24d5f177174b73d9\tomcat-annotations-api-8.5.23.jar;C:\Users\Kasia\.gradle\caches\modules-2\files-2.1\net.minidev\accessors-smart\1.2\c592b500269bfde36096641b01238a8350f8aa31\accessors-smart-1.2.jar;C:\Users\Kasia\.gradle\caches\modules-2\files-2.1\ch.qos.logback\logback-core\1.2.3\864344400c3d4d92dfeb0a305dc87d953677c03c\logback-core-1.2.3.jar;C:\Users\Kasia\.gradle\caches\modules-2\files-2.1\org.apache.logging.log4j\log4j-api\2.10.0\fec5797a55b786184a537abd39c3fa1449d752d6\log4j-api-2.10.0.jar;C:\Users\Kasia\.gradle\caches\modules-2\files-2.1\org.ow2.asm\asm\5.0.4\da08b8cce7bbf903602a25a3a163ae252435795\asm-5.0.4.jar, user.name=Kasia, java.vm.specification.version=1.8, sun.java.command=worker.org.gradle.process.internal.worker.GradleWorkerMain 'Gradle Test Executor 2', java.home=C:\Program Files\Java\jdk1.8.0_144\jre, sun.arch.data.model=64, user.language=en, java.specification.vendor=Oracle Corporation, awt.toolkit=sun.awt.windows.WToolkit, java.vm.info=mixed mode, java.version=1.8.0_144, java.ext.dirs=C:\Program Files\Java\jdk1.8.0_144\jre\lib\ext;C:\WINDOWS\Sun\Java\lib\ext, sun.boot.class.path=C:\Program Files\Java\jdk1.8.0_144\jre\lib\resources.jar;C:\Program Files\Java\jdk1.8.0_144\jre\lib\rt.jar;C:\Program Files\Java\jdk1.8.0_144\jre\lib\sunrsasign.jar;C:\Program Files\Java\jdk1.8.0_144\jre\lib\jsse.jar;C:\Program Files\Java\jdk1.8.0_144\jre\lib\jce.jar;C:\Program Files\Java\jdk1.8.0_144\jre\lib\charsets.jar;C:\Program Files\Java\jdk1.8.0_144\jre\lib\jfr.jar;C:\Program Files\Java\jdk1.8.0_144\jre\classes, java.vendor=Oracle Corporation, org.gradle.test.worker=2, file.separator=\, java.vendor.url.bug=http://bugreport.sun.com/bugreport/, sun.io.unicode.encoding=UnicodeLittle, sun.cpu.endian=little, sun.desktop=windows, sun.cpu.isalist=amd64}}, SystemEnvironmentPropertySource@1025468422 {name='systemEnvironment', properties={PATH=C:\Program Files\Git\mingw64\bin;C:\Program Files\Git\usr\bin;C:\Users\Kasia\bin;C:\ProgramData\Oracle\Java\javapath;C:\Program Files (x86)\Intel\iCLS Client\;C:\Program Files\Intel\iCLS Client\;C:\WINDOWS\system32;C:\WINDOWS;C:\WINDOWS\System32\Wbem;C:\WINDOWS\System32\WindowsPowerShell\v1.0\;C:\Program Files (x86)\Intel\Intel(R) Management Engine Components\DAL;C:\Program Files\Intel\Intel(R) Management Engine Components\DAL;C:\Program Files (x86)\Intel\Intel(R) Management Engine Components\IPT;C:\Program Files\Intel\Intel(R) Management Engine Components\IPT;C:\Program Files\Intel\WiFi\bin\;C:\Program Files\Common Files\Intel\WirelessCommon\;C:\Program Files\Java\jdk1.8.0_144\bin;C:\gradle-4.3.1\bin;C:\Program Files\dotnet\;C:\Program Files\MySQL\MySQL Utilities 1.6\;C:\Program Files\Git\cmd;C:\Users\Kasia\AppData\Local\Microsoft\WindowsApps;C:\Program Files\Java\jdk1.8.0_144\bin;C:\Program Files\Heroku\bin, USERDOMAIN_ROAMINGPROFILE=DESKTOP-H9QDO22, PROCESSOR_LEVEL=6, SYSTEMDRIVE=C:, SESSIONNAME=Console, ALLUSERSPROFILE=C:\ProgramData, PROCESSOR_ARCHITECTURE=AMD64, PSModulePath=C:\Program Files\WindowsPowerShell\Modules;C:\WINDOWS\system32\WindowsPowerShell\v1.0\Modules, PROGRAMFILES=C:\Program Files, DIRNAME=C:\Users\Kasia\Desktop\tasks\, USERNAME=Kasia, PWD=C:/Users/Kasia/Desktop/tasks, CMD_LINE_ARGS=build, ProgramFiles(x86)=C:\Program Files (x86), APP_HOME=C:\Users\Kasia\Desktop\tasks\, PATHEXT=.COM;.EXE;.BAT;.CMD;.VBS;.VBE;.JS;.JSE;.WSF;.WSH;.MSC, WINDIR=C:\WINDOWS, ProgramData=C:\ProgramData, ProgramW6432=C:\Program Files, HOMEPATH=\Users\Kasia, PROCESSOR_IDENTIFIER=Intel64 Family 6 Model 142 Stepping 9, GenuineIntel, PUBLIC=C:\Users\Public, =::=::\, EXEPATH=C:\Program Files\Git\bin, SHLVL=1, VS150COMCOMNTOOLS=C:\Program Files (x86)\Microsoft Visual Studio\2017\Community\Common7\Tools\, _SKIP=2, LOCALAPPDATA=C:\Users\Kasia\AppData\Local, USERDOMAIN=DESKTOP-H9QDO22, LOGONSERVER=\\DESKTOP-H9QDO22, JAVA_HOME=C:\Program Files\Java\jdk1.8.0_144, PLINK_PROTOCOL=ssh, PROMPT=$P$G, TERM=cygwin, MSYSTEM=MINGW64, OneDrive=C:\Users\Kasia\OneDrive, =C:=C:\Users\Kasia\Desktop\tasks, APPDATA=C:\Users\Kasia\AppData\Roaming, SYSTEMROOT=C:\WINDOWS, JAVA_EXE=C:\Program Files\Java\jdk1.8.0_144/bin/java.exe, _=./gradlew.bat, OS=Windows_NT, COMPUTERNAME=DESKTOP-H9QDO22, COMMONPROGRAMFILES=C:\Program Files\Common Files, COMSPEC=C:\WINDOWS\system32\cmd.exe, CATALINA_HOME=C:\apache-tomcat-9.0.5, PROCESSOR_REVISION=8e09, CLASSPATH=C:\Users\Kasia\Desktop\tasks\\gradle\wrapper\gradle-wrapper.jar, CommonProgramW6432=C:\Program Files\Common Files, APP_BASE_NAME=gradlew, TEMP=C:\Users\Kasia\AppData\Local\Temp, HOMEDRIVE=C:, USERPROFILE=C:\Users\Kasia, TMP=C:\Users\Kasia\AppData\Local\Temp, CommonProgramFiles(x86)=C:\Program Files (x86)\Common Files, NUMBER_OF_PROCESSORS=4, HOME=C:\Users\Kasia}}]
18:30:17.578 [Test worker] DEBUG org.springframework.core.io.support.PathMatchingResourcePatternResolver - Resolved classpath location [com/crud/tasks/] to resources [URL [file:/C:/Users/Kasia/Desktop/tasks/build/classes/java/test/com/crud/tasks/], URL [file:/C:/Users/Kasia/Desktop/tasks/build/classes/java/main/com/crud/tasks/]]
18:30:17.580 [Test worker] DEBUG org.springframework.core.io.support.PathMatchingResourcePatternResolver - Looking for matching resources in directory tree [C:\Users\Kasia\Desktop\tasks\build\classes\java\test\com\crud\tasks]
18:30:17.581 [Test worker] DEBUG org.springframework.core.io.support.PathMatchingResourcePatternResolver - Searching directory [C:\Users\Kasia\Desktop\tasks\build\classes\java\test\com\crud\tasks] for files matching pattern [C:/Users/Kasia/Desktop/tasks/build/classes/java/test/com/crud/tasks/*.class]
18:30:17.590 [Test worker] DEBUG org.springframework.core.io.support.PathMatchingResourcePatternResolver - Looking for matching resources in directory tree [C:\Users\Kasia\Desktop\tasks\build\classes\java\main\com\crud\tasks]
18:30:17.592 [Test worker] DEBUG org.springframework.core.io.support.PathMatchingResourcePatternResolver - Searching directory [C:\Users\Kasia\Desktop\tasks\build\classes\java\main\com\crud\tasks] for files matching pattern [C:/Users/Kasia/Desktop/tasks/build/classes/java/main/com/crud/tasks/*.class]
18:30:17.596 [Test worker] DEBUG org.springframework.core.io.support.PathMatchingResourcePatternResolver - Resolved location pattern [classpath*:com/crud/tasks/*.class] to resources [file [C:\Users\Kasia\Desktop\tasks\build\classes\java\test\com\crud\tasks\TasksApplicationTests.class], file [C:\Users\Kasia\Desktop\tasks\build\classes\java\main\com\crud\tasks\TasksApplication.class]]
18:30:17.769 [Test worker] DEBUG org.springframework.context.annotation.ClassPathScanningCandidateComponentProvider - Identified candidate component class: file [C:\Users\Kasia\Desktop\tasks\build\classes\java\main\com\crud\tasks\TasksApplication.class]
18:30:17.777 [Test worker] INFO org.springframework.boot.test.context.SpringBootTestContextBootstrapper - Found @SpringBootConfiguration com.crud.tasks.TasksApplication for test class com.crud.tasks.TasksApplicationTests
18:30:18.246 [Test worker] DEBUG org.springframework.boot.test.context.SpringBootTestContextBootstrapper - @TestExecutionListeners is not present for class [com.crud.tasks.TasksApplicationTests]: using defaults.
18:30:18.255 [Test worker] INFO org.springframework.boot.test.context.SpringBootTestContextBootstrapper - Loaded default TestExecutionListener class names from location [META-INF/spring.factories]: [org.springframework.boot.test.autoconfigure.restdocs.RestDocsTestExecutionListener, org.springframework.boot.test.autoconfigure.web.client.MockRestServiceServerResetTestExecutionListener, org.springframework.boot.test.autoconfigure.web.servlet.MockMvcPrintOnlyOnFailureTestExecutionListener, org.springframework.boot.test.autoconfigure.web.servlet.WebDriverTestExecutionListener, org.springframework.boot.test.mock.mockito.MockitoTestExecutionListener, org.springframework.boot.test.mock.mockito.ResetMocksTestExecutionListener, org.springframework.test.context.web.ServletTestExecutionListener, org.springframework.test.context.support.DirtiesContextBeforeModesTestExecutionListener, org.springframework.test.context.support.DependencyInjectionTestExecutionListener, org.springframework.test.context.support.DirtiesContextTestExecutionListener, org.springframework.test.context.transaction.TransactionalTestExecutionListener, org.springframework.test.context.jdbc.SqlScriptsTestExecutionListener]
18:30:18.330 [Test worker] INFO org.springframework.boot.test.context.SpringBootTestContextBootstrapper - Using TestExecutionListeners: [org.springframework.test.context.web.ServletTestExecutionListener@28a4e3b5, org.springframework.test.context.support.DirtiesContextBeforeModesTestExecutionListener@2f3833c4, org.springframework.boot.test.autoconfigure.SpringBootDependencyInjectionTestExecutionListener@7f9b136c, org.springframework.test.context.support.DirtiesContextTestExecutionListener@24644638, org.springframework.test.context.transaction.TransactionalTestExecutionListener@2bd2a04a, org.springframework.test.context.jdbc.SqlScriptsTestExecutionListener@451a00e7, org.springframework.boot.test.autoconfigure.web.servlet.WebDriverTestExecutionListener@623d6b5b, org.springframework.boot.test.autoconfigure.web.servlet.MockMvcPrintOnlyOnFailureTestExecutionListener@64eea4a2, org.springframework.boot.test.mock.mockito.MockitoTestExecutionListener@5a008885, org.springframework.boot.test.autoconfigure.restdocs.RestDocsTestExecutionListener@4f08a61a, org.springframework.boot.test.mock.mockito.ResetMocksTestExecutionListener@46667b13, org.springframework.boot.test.autoconfigure.web.client.MockRestServiceServerResetTestExecutionListener@57bc0cc9]
18:30:18.339 [Test worker] DEBUG org.springframework.test.annotation.ProfileValueUtils - Retrieved @ProfileValueSourceConfiguration [null] for test class [com.crud.tasks.TasksApplicationTests]
18:30:18.341 [Test worker] DEBUG org.springframework.test.annotation.ProfileValueUtils - Retrieved ProfileValueSource type [class org.springframework.test.annotation.SystemProfileValueSource] for class [com.crud.tasks.TasksApplicationTests]
18:30:18.344 [Test worker] DEBUG org.springframework.test.annotation.ProfileValueUtils - Retrieved @ProfileValueSourceConfiguration [null] for test class [com.crud.tasks.TasksApplicationTests]
18:30:18.347 [Test worker] DEBUG org.springframework.test.annotation.ProfileValueUtils - Retrieved ProfileValueSource type [class org.springframework.test.annotation.SystemProfileValueSource] for class [com.crud.tasks.TasksApplicationTests]
18:30:18.376 [Test worker] DEBUG org.springframework.test.context.support.AbstractDirtiesContextTestExecutionListener - Before test class: context [DefaultTestContext@26d6e833 testClass = TasksApplicationTests, testInstance = [null], testMethod = [null], testException = [null], mergedContextConfiguration = [WebMergedContextConfiguration@7e668d44 testClass = TasksApplicationTests, locations = '{}', classes = '{class com.crud.tasks.TasksApplication}', contextInitializerClasses = '[]', activeProfiles = '{}', propertySourceLocations = '{}', propertySourceProperties = '{org.springframework.boot.test.context.SpringBootTestContextBootstrapper=true}', contextCustomizers = set[org.springframework.boot.test.autoconfigure.properties.PropertyMappingContextCustomizer@0, org.springframework.boot.test.autoconfigure.web.servlet.WebDriverContextCustomizerFactory$Customizer@25c55f41, org.springframework.boot.test.context.SpringBootTestContextCustomizer@308806b9, org.springframework.boot.test.context.filter.ExcludeFilterContextCustomizer@52e8009f, org.springframework.boot.test.json.DuplicateJsonObjectContextCustomizerFactory$DuplicateJsonObjectContextCustomizer@4981e0bb, org.springframework.boot.test.mock.mockito.MockitoContextCustomizer@0], resourceBasePath = 'src/main/webapp', contextLoader = 'org.springframework.boot.test.context.SpringBootContextLoader', parent = [null]], attributes = map['org.springframework.test.context.web.ServletTestExecutionListener.activateListener' -> true]], class annotated with @DirtiesContext [false] with mode [null].
18:30:18.379 [Test worker] DEBUG org.springframework.test.annotation.ProfileValueUtils - Retrieved @ProfileValueSourceConfiguration [null] for test class [com.crud.tasks.TasksApplicationTests]
18:30:18.379 [Test worker] DEBUG org.springframework.test.annotation.ProfileValueUtils - Retrieved ProfileValueSource type [class org.springframework.test.annotation.SystemProfileValueSource] for class [com.crud.tasks.TasksApplicationTests]
18:30:18.459 [Test worker] DEBUG org.springframework.core.env.StandardEnvironment - Adding PropertySource 'systemProperties' with lowest search precedence
18:30:18.459 [Test worker] DEBUG org.springframework.core.env.StandardEnvironment - Adding PropertySource 'systemEnvironment' with lowest search precedence
18:30:18.460 [Test worker] DEBUG org.springframework.core.env.StandardEnvironment - Initialized StandardEnvironment with PropertySources [MapPropertySource@335588029 {name='systemProperties', properties={java.runtime.name=Java(TM) SE Runtime Environment, sun.boot.library.path=C:\Program Files\Java\jdk1.8.0_144\jre\bin, java.vm.version=25.144-b01, java.vm.vendor=Oracle Corporation, java.vendor.url=http://java.oracle.com/, path.separator=;, java.vm.name=Java HotSpot(TM) 64-Bit Server VM, file.encoding.pkg=sun.io, user.script=, sun.java.launcher=SUN_STANDARD, user.country=US, sun.os.patch.level=, java.vm.specification.name=Java Virtual Machine Specification, user.dir=C:\Users\Kasia\Desktop\tasks, java.runtime.version=1.8.0_144-b01, java.awt.graphicsenv=sun.awt.Win32GraphicsEnvironment, java.endorsed.dirs=C:\Program Files\Java\jdk1.8.0_144\jre\lib\endorsed, os.arch=amd64, java.io.tmpdir=C:\Users\Kasia\AppData\Local\Temp\, line.separator=
, java.vm.specification.vendor=Oracle Corporation, user.variant=, os.name=Windows 10, sun.jnu.encoding=Cp1250, java.library.path=C:\Program Files\Java\jdk1.8.0_144\bin;C:\WINDOWS\Sun\Java\bin;C:\WINDOWS\system32;C:\WINDOWS;C:\Program Files\Git\mingw64\bin;C:\Program Files\Git\usr\bin;C:\Users\Kasia\bin;C:\ProgramData\Oracle\Java\javapath;C:\Program Files (x86)\Intel\iCLS Client\;C:\Program Files\Intel\iCLS Client\;C:\WINDOWS\system32;C:\WINDOWS;C:\WINDOWS\System32\Wbem;C:\WINDOWS\System32\WindowsPowerShell\v1.0\;C:\Program Files (x86)\Intel\Intel(R) Management Engine Components\DAL;C:\Program Files\Intel\Intel(R) Management Engine Components\DAL;C:\Program Files (x86)\Intel\Intel(R) Management Engine Components\IPT;C:\Program Files\Intel\Intel(R) Management Engine Components\IPT;C:\Program Files\Intel\WiFi\bin\;C:\Program Files\Common Files\Intel\WirelessCommon\;C:\Program Files\Java\jdk1.8.0_144\bin;C:\gradle-4.3.1\bin;C:\Program Files\dotnet\;C:\Program Files\MySQL\MySQL Utilities 1.6\;C:\Program Files\Git\cmd;C:\Users\Kasia\AppData\Local\Microsoft\WindowsApps;C:\Program Files\Java\jdk1.8.0_144\bin;C:\Program Files\Heroku\bin;., java.specification.name=Java Platform API Specification, java.class.version=52.0, org.gradle.native=false, sun.management.compiler=HotSpot 64-Bit Tiered Compilers, os.version=10.0, user.home=C:\Users\Kasia, user.timezone=Europe/London, java.awt.printerjob=sun.awt.windows.WPrinterJob, file.encoding=windows-1250, java.specification.version=1.8, java.class.path=C:\Users\Kasia\Desktop\tasks\build\classes\java\test;C:\Users\Kasia\Desktop\tasks\build\resources\test;C:\Users\Kasia\Desktop\tasks\build\classes\java\main;C:\Users\Kasia\Desktop\tasks\build\resources\main;C:\Users\Kasia\.gradle\caches\modules-2\files-2.1\org.springframework.boot\spring-boot-starter-web\2.0.0.M7\eb364c43417c6de883c38ffc9d79b91a63c9c3bd\spring-boot-starter-web-2.0.0.M7.jar;C:\Users\Kasia\.gradle\caches\modules-2\files-2.1\org.springframework.boot\spring-boot-starter-data-jpa\2.0.0.M7\2b296829ab8517ff3754bdab10d85536767038c2\spring-boot-starter-data-jpa-2.0.0.M7.jar;C:\Users\Kasia\.gradle\caches\modules-2\files-2.1\mysql\mysql-connector-java\5.1.44\61b6b998192c85bb581c6be90e03dcd4b9079db4\mysql-connector-java-5.1.44.jar;C:\Users\Kasia\.gradle\caches\modules-2\files-2.1\org.projectlombok\lombok\1.16.18\557d13dcb647038dc687390711ccb5c9b3ffbd60\lombok-1.16.18.jar;C:\Users\Kasia\.gradle\caches\modules-2\files-2.1\org.springframework.boot\spring-boot-starter-test\2.0.0.M7\8cf69bda8093fc1fb7436a82fac3adde4fd5e97b\spring-boot-starter-test-2.0.0.M7.jar;C:\Users\Kasia\.gradle\caches\modules-2\files-2.1\org.springframework.boot\spring-boot-starter-json\2.0.0.M7\7f352d7960cbe1a341e0721625dddb1bca6c5313\spring-boot-starter-json-2.0.0.M7.jar;C:\Users\Kasia\.gradle\caches\modules-2\files-2.1\org.springframework.boot\spring-boot-starter-aop\2.0.0.M7\6a979041d2c43d4f5ba8025ba6fafb0df4698679\spring-boot-starter-aop-2.0.0.M7.jar;C:\Users\Kasia\.gradle\caches\modules-2\files-2.1\org.springframework.boot\spring-boot-starter-jdbc\2.0.0.M7\cd0eb5ba738573c70b24f5aab663c9e8270d4d93\spring-boot-starter-jdbc-2.0.0.M7.jar;C:\Users\Kasia\.gradle\caches\modules-2\files-2.1\org.springframework.boot\spring-boot-starter\2.0.0.M7\b9affaea8ab21294386d5c2682b66f143852878d\spring-boot-starter-2.0.0.M7.jar;C:\Users\Kasia\.gradle\caches\modules-2\files-2.1\org.springframework.boot\spring-boot-starter-tomcat\2.0.0.M7\709f5f42c3cfdc6d5a5d6921b7bcb7714f8d638c\spring-boot-starter-tomcat-2.0.0.M7.jar;C:\Users\Kasia\.gradle\caches\modules-2\files-2.1\org.hibernate.validator\hibernate-validator\6.0.5.Final\c0a53a8178a0487c5f2fe84434b9965a3cd44f22\hibernate-validator-6.0.5.Final.jar;C:\Users\Kasia\.gradle\caches\modules-2\files-2.1\org.springframework\spring-webmvc\5.0.2.RELEASE\8dbe4a28cae3ffa222aeff6776a3928a88d66e6f\spring-webmvc-5.0.2.RELEASE.jar;C:\Users\Kasia\.gradle\caches\modules-2\files-2.1\org.springframework\spring-web\5.0.2.RELEASE\eea8edef792fb93c1c55cc61078ce14ffb3542df\spring-web-5.0.2.RELEASE.jar;C:\Users\Kasia\.gradle\caches\modules-2\files-2.1\org.hibernate\hibernate-core\5.2.12.Final\ea479b6692e22c9b642dd4142db670e92d106544\hibernate-core-5.2.12.Final.jar;C:\Users\Kasia\.gradle\caches\modules-2\files-2.1\javax.transaction\javax.transaction-api\1.2\d81aff979d603edd90dcd8db2abc1f4ce6479e3e\javax.transaction-api-1.2.jar;C:\Users\Kasia\.gradle\caches\modules-2\files-2.1\org.springframework.data\spring-data-jpa\2.0.2.RELEASE\87ab35c6913a55acade27592161d3b7a543c68a9\spring-data-jpa-2.0.2.RELEASE.jar;C:\Users\Kasia\.gradle\caches\modules-2\files-2.1\org.springframework\spring-aspects\5.0.2.RELEASE\b26a3ab00f741144c4e2dab39c0ab0ea7a411ef\spring-aspects-5.0.2.RELEASE.jar;C:\Users\Kasia\.gradle\caches\modules-2\files-2.1\org.springframework.boot\spring-boot-test-autoconfigure\2.0.0.M7\e394cadb478d2010bc16e3bb9bb4aae3393c5241\spring-boot-test-autoconfigure-2.0.0.M7.jar;C:\Users\Kasia\.gradle\caches\modules-2\files-2.1\org.springframework.boot\spring-boot-test\2.0.0.M7\6a9052117e71cce41eb0bddb68b97ffeaf0b32c4\spring-boot-test-2.0.0.M7.jar;C:\Users\Kasia\.gradle\caches\modules-2\files-2.1\com.jayway.jsonpath\json-path\2.4.0\765a4401ceb2dc8d40553c2075eb80a8fa35c2ae\json-path-2.4.0.jar;C:\Users\Kasia\.gradle\caches\modules-2\files-2.1\junit\junit\4.12\2973d150c0dc1fefe998f834810d68f278ea58ec\junit-4.12.jar;C:\Users\Kasia\.gradle\caches\modules-2\files-2.1\org.assertj\assertj-core\3.8.0\b209d90ff2e279bee3e02547ee7b11349c52d0e3\assertj-core-3.8.0.jar;C:\Users\Kasia\.gradle\caches\modules-2\files-2.1\org.mockito\mockito-core\2.12.0\a42fb82aa1eccb27c3f0371c8bc7385ae1c6598d\mockito-core-2.12.0.jar;C:\Users\Kasia\.gradle\caches\modules-2\files-2.1\org.hamcrest\hamcrest-library\1.3\4785a3c21320980282f9f33d0d1264a69040538f\hamcrest-library-1.3.jar;C:\Users\Kasia\.gradle\caches\modules-2\files-2.1\org.hamcrest\hamcrest-core\1.3\42a25dc3219429f0e5d060061f71acb49bf010a0\hamcrest-core-1.3.jar;C:\Users\Kasia\.gradle\caches\modules-2\files-2.1\org.skyscreamer\jsonassert\1.5.0\6c9d5fe2f59da598d9aefc1cfc6528ff3cf32df3\jsonassert-1.5.0.jar;C:\Users\Kasia\.gradle\caches\modules-2\files-2.1\org.springframework\spring-test\5.0.2.RELEASE\a6fdd26c9a21958134522a5232e9f23929985f9\spring-test-5.0.2.RELEASE.jar;C:\Users\Kasia\.gradle\caches\modules-2\files-2.1\org.springframework.boot\spring-boot-autoconfigure\2.0.0.M7\db2360882ec36c119c4378d01b0325a833b07271\spring-boot-autoconfigure-2.0.0.M7.jar;C:\Users\Kasia\.gradle\caches\modules-2\files-2.1\org.springframework.boot\spring-boot\2.0.0.M7\b1e1ad98517ae8988dd578b3ae2e2705c8f5634\spring-boot-2.0.0.M7.jar;C:\Users\Kasia\.gradle\caches\modules-2\files-2.1\org.springframework\spring-context\5.0.2.RELEASE\743a5f6d94a8af5759e6e70c360a7b4a47a704c\spring-context-5.0.2.RELEASE.jar;C:\Users\Kasia\.gradle\caches\modules-2\files-2.1\org.springframework\spring-aop\5.0.2.RELEASE\4d49aa2cff33be79da99413e28a905898600ccaa\spring-aop-5.0.2.RELEASE.jar;C:\Users\Kasia\.gradle\caches\modules-2\files-2.1\org.springframework\spring-orm\5.0.2.RELEASE\59f207a8426f6090734663afcd6d6003cca57ce8\spring-orm-5.0.2.RELEASE.jar;C:\Users\Kasia\.gradle\caches\modules-2\files-2.1\org.springframework\spring-jdbc\5.0.2.RELEASE\5efc255d4073cfa639ecf8e92f162528519f9dd3\spring-jdbc-5.0.2.RELEASE.jar;C:\Users\Kasia\.gradle\caches\modules-2\files-2.1\org.springframework.data\spring-data-commons\2.0.2.RELEASE\1befa3239976b856202b1735531910a0c2f4e17f\spring-data-commons-2.0.2.RELEASE.jar;C:\Users\Kasia\.gradle\caches\modules-2\files-2.1\org.springframework\spring-tx\5.0.2.RELEASE\38ef30ad6e34b5004c8955685b6a7ea753717b7d\spring-tx-5.0.2.RELEASE.jar;C:\Users\Kasia\.gradle\caches\modules-2\files-2.1\org.springframework\spring-beans\5.0.2.RELEASE\301ee07b390bc8b5691f4206411b49beb06f7ff2\spring-beans-5.0.2.RELEASE.jar;C:\Users\Kasia\.gradle\caches\modules-2\files-2.1\org.springframework\spring-expression\5.0.2.RELEASE\246bf50b5b46379041d333b4a46a01a7aea0b788\spring-expression-5.0.2.RELEASE.jar;C:\Users\Kasia\.gradle\caches\modules-2\files-2.1\org.springframework\spring-core\5.0.2.RELEASE\45b2958ab3fb022dd29f8b1c553ebf1c75a144aa\spring-core-5.0.2.RELEASE.jar;C:\Users\Kasia\.gradle\caches\modules-2\files-2.1\org.xmlunit\xmlunit-core\2.5.1\4ffdb346572a7356f7521cd3119ce5287d2e339d\xmlunit-core-2.5.1.jar;C:\Users\Kasia\.gradle\caches\modules-2\files-2.1\org.springframework.boot\spring-boot-starter-logging\2.0.0.M7\328a8032b5ed852958d410dec02638c0a93b3cb1\spring-boot-starter-logging-2.0.0.M7.jar;C:\Users\Kasia\.gradle\caches\modules-2\files-2.1\javax.annotation\javax.annotation-api\1.3.1\20a2c0583598d68b0835474bbe07792d4f3b219f\javax.annotation-api-1.3.1.jar;C:\Users\Kasia\.gradle\caches\modules-2\files-2.1\org.yaml\snakeyaml\1.19\2d998d3d674b172a588e54ab619854d073f555b5\snakeyaml-1.19.jar;C:\Users\Kasia\.gradle\caches\modules-2\files-2.1\com.fasterxml.jackson.datatype\jackson-datatype-jdk8\2.9.2\9b0b7c623262e29c73e8f6a78f6150372d2066f8\jackson-datatype-jdk8-2.9.2.jar;C:\Users\Kasia\.gradle\caches\modules-2\files-2.1\com.fasterxml.jackson.datatype\jackson-datatype-jsr310\2.9.2\e1653d338703d8233cc1ac18c6722510bdaceb4f\jackson-datatype-jsr310-2.9.2.jar;C:\Users\Kasia\.gradle\caches\modules-2\files-2.1\com.fasterxml.jackson.module\jackson-module-parameter-names\2.9.2\be78ca220839b2c53ebd33fd4d580b5a0cacdd5a\jackson-module-parameter-names-2.9.2.jar;C:\Users\Kasia\.gradle\caches\modules-2\files-2.1\com.fasterxml.jackson.core\jackson-databind\2.9.2\1d8d8cb7cf26920ba57fb61fa56da88cc123b21f\jackson-databind-2.9.2.jar;C:\Users\Kasia\.gradle\caches\modules-2\files-2.1\org.apache.tomcat.embed\tomcat-embed-websocket\8.5.23\52f07abcae10dc7e1764304b0877def175c2c833\tomcat-embed-websocket-8.5.23.jar;C:\Users\Kasia\.gradle\caches\modules-2\files-2.1\org.apache.tomcat.embed\tomcat-embed-core\8.5.23\79261793a47f507890ee08f749b9d81774e4f7f0\tomcat-embed-core-8.5.23.jar;C:\Users\Kasia\.gradle\caches\modules-2\files-2.1\org.apache.tomcat.embed\tomcat-embed-el\8.5.23\98d979cde444dffa6d434c8377d0123b2dfa614c\tomcat-embed-el-8.5.23.jar;C:\Users\Kasia\.gradle\caches\modules-2\files-2.1\javax.validation\validation-api\2.0.0.Final\4a7ff48084bd336c4de1f79f027f6f77badf399e\validation-api-2.0.0.Final.jar;C:\Users\Kasia\.gradle\caches\modules-2\files-2.1\org.hibernate.common\hibernate-commons-annotations\5.0.1.Final\71e1cff3fcb20d3b3af4f3363c3ddb24d33c6879\hibernate-commons-annotations-5.0.1.Final.jar;C:\Users\Kasia\.gradle\caches\modules-2\files-2.1\org.jboss.logging\jboss-logging\3.3.1.Final\c46217ab74b532568c0ed31dc599db3048bd1b67\jboss-logging-3.3.1.Final.jar;C:\Users\Kasia\.gradle\caches\modules-2\files-2.1\com.fasterxml\classmate\1.3.4\3d5f48f10bbe4eb7bd862f10c0583be2e0053c6\classmate-1.3.4.jar;C:\Users\Kasia\.gradle\caches\modules-2\files-2.1\org.aspectj\aspectjweaver\1.8.13\ad94df2a28d658a40dc27bbaff6a1ce5fbf04e9b\aspectjweaver-1.8.13.jar;C:\Users\Kasia\.gradle\caches\modules-2\files-2.1\com.zaxxer\HikariCP\2.7.4\c101cbc2d07c0adffa0857e742229ef785892699\HikariCP-2.7.4.jar;C:\Users\Kasia\.gradle\caches\modules-2\files-2.1\org.hibernate.javax.persistence\hibernate-jpa-2.1-api\1.0.0.Final\5e731d961297e5a07290bfaf3db1fbc8bbbf405a\hibernate-jpa-2.1-api-1.0.0.Final.jar;C:\Users\Kasia\.gradle\caches\modules-2\files-2.1\org.javassist\javassist\3.22.0-CR2\44eaf0990dea92f4bca4b9931b2239c0e8756ee7\javassist-3.22.0-CR2.jar;C:\Users\Kasia\.gradle\caches\modules-2\files-2.1\antlr\antlr\2.7.7\83cd2cd674a217ade95a4bb83a8a14f351f48bd0\antlr-2.7.7.jar;C:\Users\Kasia\.gradle\caches\modules-2\files-2.1\org.jboss\jandex\2.0.3.Final\bfc4d6257dbff7a33a357f0de116be6ff951d849\jandex-2.0.3.Final.jar;C:\Users\Kasia\.gradle\caches\modules-2\files-2.1\dom4j\dom4j\1.6.1\5d3ccc056b6f056dbf0dddfdf43894b9065a8f94\dom4j-1.6.1.jar;C:\Users\Kasia\.gradle\caches\modules-2\files-2.1\ch.qos.logback\logback-classic\1.2.3\7c4f3c474fb2c041d8028740440937705ebb473a\logback-classic-1.2.3.jar;C:\Users\Kasia\.gradle\caches\modules-2\files-2.1\org.apache.logging.log4j\log4j-to-slf4j\2.10.0\f7e631ccf49cfc0aefa4a2a728da7d374c05bd3c\log4j-to-slf4j-2.10.0.jar;C:\Users\Kasia\.gradle\caches\modules-2\files-2.1\org.slf4j\jul-to-slf4j\1.7.25\af5364cd6679bfffb114f0dec8a157aaa283b76\jul-to-slf4j-1.7.25.jar;C:\Users\Kasia\.gradle\caches\modules-2\files-2.1\org.slf4j\slf4j-api\1.7.25\da76ca59f6a57ee3102f8f9bd9cee742973efa8a\slf4j-api-1.7.25.jar;C:\Users\Kasia\.gradle\caches\modules-2\files-2.1\net.minidev\json-smart\2.3\7396407491352ce4fa30de92efb158adb76b5b\json-smart-2.3.jar;C:\Users\Kasia\.gradle\caches\modules-2\files-2.1\net.bytebuddy\byte-buddy\1.7.9\51218a01a882c04d0aba8c028179cce488bbcb58\byte-buddy-1.7.9.jar;C:\Users\Kasia\.gradle\caches\modules-2\files-2.1\net.bytebuddy\byte-buddy-agent\1.7.9\a6c65f9da7f467ee1f02ff2841ffd3155aee2fc9\byte-buddy-agent-1.7.9.jar;C:\Users\Kasia\.gradle\caches\modules-2\files-2.1\org.objenesis\objenesis\2.6\639033469776fd37c08358c6b92a4761feb2af4b\objenesis-2.6.jar;C:\Users\Kasia\.gradle\caches\modules-2\files-2.1\com.vaadin.external.google\android-json\0.0.20131108.vaadin1\fa26d351fe62a6a17f5cda1287c1c6110dec413f\android-json-0.0.20131108.vaadin1.jar;C:\Users\Kasia\.gradle\caches\modules-2\files-2.1\org.springframework\spring-jcl\5.0.2.RELEASE\212a0bdd54e026641cf527aeb8e578f86e402bf1\spring-jcl-5.0.2.RELEASE.jar;C:\Users\Kasia\.gradle\caches\modules-2\files-2.1\com.fasterxml.jackson.core\jackson-annotations\2.9.0\7c10d545325e3a6e72e06381afe469fd40eb701\jackson-annotations-2.9.0.jar;C:\Users\Kasia\.gradle\caches\modules-2\files-2.1\com.fasterxml.jackson.core\jackson-core\2.9.2\aed20e50152a2f19adc1995c8d8f307c7efa414d\jackson-core-2.9.2.jar;C:\Users\Kasia\.gradle\caches\modules-2\files-2.1\org.apache.tomcat\tomcat-annotations-api\8.5.23\aaf17df9fe0240e9e9d5375d24d5f177174b73d9\tomcat-annotations-api-8.5.23.jar;C:\Users\Kasia\.gradle\caches\modules-2\files-2.1\net.minidev\accessors-smart\1.2\c592b500269bfde36096641b01238a8350f8aa31\accessors-smart-1.2.jar;C:\Users\Kasia\.gradle\caches\modules-2\files-2.1\ch.qos.logback\logback-core\1.2.3\864344400c3d4d92dfeb0a305dc87d953677c03c\logback-core-1.2.3.jar;C:\Users\Kasia\.gradle\caches\modules-2\files-2.1\org.apache.logging.log4j\log4j-api\2.10.0\fec5797a55b786184a537abd39c3fa1449d752d6\log4j-api-2.10.0.jar;C:\Users\Kasia\.gradle\caches\modules-2\files-2.1\org.ow2.asm\asm\5.0.4\da08b8cce7bbf903602a25a3a163ae252435795\asm-5.0.4.jar, user.name=Kasia, java.vm.specification.version=1.8, sun.java.command=worker.org.gradle.process.internal.worker.GradleWorkerMain 'Gradle Test Executor 2', java.home=C:\Program Files\Java\jdk1.8.0_144\jre, sun.arch.data.model=64, user.language=en, java.specification.vendor=Oracle Corporation, awt.toolkit=sun.awt.windows.WToolkit, java.vm.info=mixed mode, java.version=1.8.0_144, java.ext.dirs=C:\Program Files\Java\jdk1.8.0_144\jre\lib\ext;C:\WINDOWS\Sun\Java\lib\ext, sun.boot.class.path=C:\Program Files\Java\jdk1.8.0_144\jre\lib\resources.jar;C:\Program Files\Java\jdk1.8.0_144\jre\lib\rt.jar;C:\Program Files\Java\jdk1.8.0_144\jre\lib\sunrsasign.jar;C:\Program Files\Java\jdk1.8.0_144\jre\lib\jsse.jar;C:\Program Files\Java\jdk1.8.0_144\jre\lib\jce.jar;C:\Program Files\Java\jdk1.8.0_144\jre\lib\charsets.jar;C:\Program Files\Java\jdk1.8.0_144\jre\lib\jfr.jar;C:\Program Files\Java\jdk1.8.0_144\jre\classes, java.vendor=Oracle Corporation, org.gradle.test.worker=2, file.separator=\, java.vendor.url.bug=http://bugreport.sun.com/bugreport/, sun.io.unicode.encoding=UnicodeLittle, sun.cpu.endian=little, sun.desktop=windows, sun.cpu.isalist=amd64}}, SystemEnvironmentPropertySource@190703061 {name='systemEnvironment', properties={PATH=C:\Program Files\Git\mingw64\bin;C:\Program Files\Git\usr\bin;C:\Users\Kasia\bin;C:\ProgramData\Oracle\Java\javapath;C:\Program Files (x86)\Intel\iCLS Client\;C:\Program Files\Intel\iCLS Client\;C:\WINDOWS\system32;C:\WINDOWS;C:\WINDOWS\System32\Wbem;C:\WINDOWS\System32\WindowsPowerShell\v1.0\;C:\Program Files (x86)\Intel\Intel(R) Management Engine Components\DAL;C:\Program Files\Intel\Intel(R) Management Engine Components\DAL;C:\Program Files (x86)\Intel\Intel(R) Management Engine Components\IPT;C:\Program Files\Intel\Intel(R) Management Engine Components\IPT;C:\Program Files\Intel\WiFi\bin\;C:\Program Files\Common Files\Intel\WirelessCommon\;C:\Program Files\Java\jdk1.8.0_144\bin;C:\gradle-4.3.1\bin;C:\Program Files\dotnet\;C:\Program Files\MySQL\MySQL Utilities 1.6\;C:\Program Files\Git\cmd;C:\Users\Kasia\AppData\Local\Microsoft\WindowsApps;C:\Program Files\Java\jdk1.8.0_144\bin;C:\Program Files\Heroku\bin, USERDOMAIN_ROAMINGPROFILE=DESKTOP-H9QDO22, PROCESSOR_LEVEL=6, SYSTEMDRIVE=C:, SESSIONNAME=Console, ALLUSERSPROFILE=C:\ProgramData, PROCESSOR_ARCHITECTURE=AMD64, PSModulePath=C:\Program Files\WindowsPowerShell\Modules;C:\WINDOWS\system32\WindowsPowerShell\v1.0\Modules, PROGRAMFILES=C:\Program Files, DIRNAME=C:\Users\Kasia\Desktop\tasks\, USERNAME=Kasia, PWD=C:/Users/Kasia/Desktop/tasks, CMD_LINE_ARGS=build, ProgramFiles(x86)=C:\Program Files (x86), APP_HOME=C:\Users\Kasia\Desktop\tasks\, PATHEXT=.COM;.EXE;.BAT;.CMD;.VBS;.VBE;.JS;.JSE;.WSF;.WSH;.MSC, WINDIR=C:\WINDOWS, ProgramData=C:\ProgramData, ProgramW6432=C:\Program Files, HOMEPATH=\Users\Kasia, PROCESSOR_IDENTIFIER=Intel64 Family 6 Model 142 Stepping 9, GenuineIntel, PUBLIC=C:\Users\Public, =::=::\, EXEPATH=C:\Program Files\Git\bin, SHLVL=1, VS150COMCOMNTOOLS=C:\Program Files (x86)\Microsoft Visual Studio\2017\Community\Common7\Tools\, _SKIP=2, LOCALAPPDATA=C:\Users\Kasia\AppData\Local, USERDOMAIN=DESKTOP-H9QDO22, LOGONSERVER=\\DESKTOP-H9QDO22, JAVA_HOME=C:\Program Files\Java\jdk1.8.0_144, PLINK_PROTOCOL=ssh, PROMPT=$P$G, TERM=cygwin, MSYSTEM=MINGW64, OneDrive=C:\Users\Kasia\OneDrive, =C:=C:\Users\Kasia\Desktop\tasks, APPDATA=C:\Users\Kasia\AppData\Roaming, SYSTEMROOT=C:\WINDOWS, JAVA_EXE=C:\Program Files\Java\jdk1.8.0_144/bin/java.exe, _=./gradlew.bat, OS=Windows_NT, COMPUTERNAME=DESKTOP-H9QDO22, COMMONPROGRAMFILES=C:\Program Files\Common Files, COMSPEC=C:\WINDOWS\system32\cmd.exe, CATALINA_HOME=C:\apache-tomcat-9.0.5, PROCESSOR_REVISION=8e09, CLASSPATH=C:\Users\Kasia\Desktop\tasks\\gradle\wrapper\gradle-wrapper.jar, CommonProgramW6432=C:\Program Files\Common Files, APP_BASE_NAME=gradlew, TEMP=C:\Users\Kasia\AppData\Local\Temp, HOMEDRIVE=C:, USERPROFILE=C:\Users\Kasia, TMP=C:\Users\Kasia\AppData\Local\Temp, CommonProgramFiles(x86)=C:\Program Files (x86)\Common Files, NUMBER_OF_PROCESSORS=4, HOME=C:\Users\Kasia}}]
18:30:18.486 [Test worker] DEBUG org.springframework.test.context.support.TestPropertySourceUtils - Adding inlined properties to environment: {spring.jmx.enabled=false, org.springframework.boot.test.context.SpringBootTestContextBootstrapper=true, server.port=-1}
18:30:18.486 [Test worker] DEBUG org.springframework.core.env.StandardEnvironment - Adding PropertySource 'Inlined Test Properties' with highest search precedence

  .   ____          _            __ _ _
 /\\ / ___'_ __ _ _(_)_ __  __ _ \ \ \ \
( ( )\___ | '_ | '_| | '_ \/ _` | \ \ \ \
 \\/  ___)| |_)| | | | | || (_| |  ) ) ) )
  '  |____| .__|_| |_|_| |_\__, | / / / /
 =========|_|==============|___/=/_/_/_/
 :: Spring Boot ::             (v2.0.0.M7)

2018-03-01 18:30:19.356  INFO 5900 --- [    Test worker] com.crud.tasks.TasksApplicationTests     : Starting TasksApplicationTests on DESKTOP-H9QDO22 with PID 5900 (started by Kasia in C:\Users\Kasia\Desktop\tasks)
2018-03-01 18:30:19.359  INFO 5900 --- [    Test worker] com.crud.tasks.TasksApplicationTests     : No active profile set, falling back to default profiles: default
2018-03-01 18:30:19.547  INFO 5900 --- [    Test worker] o.s.w.c.s.GenericWebApplicationContext   : Refreshing org.springframework.web.context.support.GenericWebApplicationContext@20bc155f: startup date [Thu Mar 01 18:30:19 GMT 2018]; root of context hierarchy
2018-03-01 18:30:25.559  INFO 5900 --- [    Test worker] o.h.v.i.engine.ValidatorFactoryImpl      : HV000238: Temporal validation tolerance set to 0.
2018-03-01 18:30:26.468  INFO 5900 --- [    Test worker] com.zaxxer.hikari.HikariDataSource       : testdb - Starting...
2018-03-01 18:30:28.036  INFO 5900 --- [    Test worker] com.zaxxer.hikari.HikariDataSource       : testdb - Start completed.
2018-03-01 18:30:28.287  INFO 5900 --- [    Test worker] j.LocalContainerEntityManagerFactoryBean : Building JPA container EntityManagerFactory for persistence unit 'default'
2018-03-01 18:30:28.337  INFO 5900 --- [    Test worker] o.hibernate.jpa.internal.util.LogHelper  : HHH000204: Processing PersistenceUnitInfo [
	name: default
	...]
2018-03-01 18:30:28.541  INFO 5900 --- [    Test worker] org.hibernate.Version                    : HHH000412: Hibernate Core {5.2.12.Final}
2018-03-01 18:30:28.545  INFO 5900 --- [    Test worker] org.hibernate.cfg.Environment            : HHH000206: hibernate.properties not found
2018-03-01 18:30:28.815  INFO 5900 --- [    Test worker] o.hibernate.annotations.common.Version   : HCANN000001: Hibernate Commons Annotations {5.0.1.Final}
2018-03-01 18:30:29.300  INFO 5900 --- [    Test worker] org.hibernate.dialect.Dialect            : HHH000400: Using dialect: org.hibernate.dialect.MySQL5Dialect
2018-03-01 18:30:30.064  INFO 5900 --- [    Test worker] o.h.v.i.engine.ValidatorFactoryImpl      : HV000238: Temporal validation tolerance set to 0.
2018-03-01 18:30:31.986  INFO 5900 --- [    Test worker] j.LocalContainerEntityManagerFactoryBean : Initialized JPA EntityManagerFactory for persistence unit 'default'
2018-03-01 18:30:35.338  INFO 5900 --- [    Test worker] o.h.v.i.engine.ValidatorFactoryImpl      : HV000238: Temporal validation tolerance set to 0.
2018-03-01 18:30:36.571  INFO 5900 --- [    Test worker] s.w.s.m.m.a.RequestMappingHandlerAdapter : Looking for @ControllerAdvice: org.springframework.web.context.support.GenericWebApplicationContext@20bc155f: startup date [Thu Mar 01 18:30:19 GMT 2018]; root of context hierarchy
2018-03-01 18:30:36.810  WARN 5900 --- [    Test worker] aWebConfiguration$JpaWebMvcConfiguration : spring.jpa.open-in-view is enabled by default. Therefore, database queries may be performed during view rendering. Explicitly configure spring.jpa.open-in-view to disable this warning
2018-03-01 18:30:37.010  INFO 5900 --- [    Test worker] s.w.s.m.m.a.RequestMappingHandlerMapping : Mapped "{[/v1/task/updateTask],methods=[PUT]}" onto public com.crud.tasks.domain.TaskDto com.crud.tasks.controller.TaskController.update(com.crud.tasks.domain.TaskDto)
2018-03-01 18:30:37.016  INFO 5900 --- [    Test worker] s.w.s.m.m.a.RequestMappingHandlerMapping : Mapped "{[/v1/task/deleteTask],methods=[DELETE]}" onto public void com.crud.tasks.controller.TaskController.delete(java.lang.Long)
2018-03-01 18:30:37.018  INFO 5900 --- [    Test worker] s.w.s.m.m.a.RequestMappingHandlerMapping : Mapped "{[/v1/task/getTask],methods=[GET]}" onto public com.crud.tasks.domain.TaskDto com.crud.tasks.controller.TaskController.getTask(java.lang.Long) throws com.crud.tasks.controller.TaskNotFoundException
2018-03-01 18:30:37.020  INFO 5900 --- [    Test worker] s.w.s.m.m.a.RequestMappingHandlerMapping : Mapped "{[/v1/task/createTask],methods=[POST],consumes=[application/json]}" onto public void com.crud.tasks.controller.TaskController.createTask(com.crud.tasks.domain.TaskDto)
2018-03-01 18:30:37.021  INFO 5900 --- [    Test worker] s.w.s.m.m.a.RequestMappingHandlerMapping : Mapped "{[/v1/task/getTasks],methods=[GET]}" onto public java.util.List<com.crud.tasks.domain.TaskDto> com.crud.tasks.controller.TaskController.getTasks()
2018-03-01 18:30:37.027  INFO 5900 --- [    Test worker] s.w.s.m.m.a.RequestMappingHandlerMapping : Mapped "{[/error]}" onto public org.springframework.http.ResponseEntity<java.util.Map<java.lang.String, java.lang.Object>> org.springframework.boot.autoconfigure.web.servlet.error.BasicErrorController.error(javax.servlet.http.HttpServletRequest)
2018-03-01 18:30:37.029  INFO 5900 --- [    Test worker] s.w.s.m.m.a.RequestMappingHandlerMapping : Mapped "{[/error],produces=[text/html]}" onto public org.springframework.web.servlet.ModelAndView org.springframework.boot.autoconfigure.web.servlet.error.BasicErrorController.errorHtml(javax.servlet.http.HttpServletRequest,javax.servlet.http.HttpServletResponse)
2018-03-01 18:30:37.230  INFO 5900 --- [    Test worker] o.s.w.s.handler.SimpleUrlHandlerMapping  : Mapped URL path [/webjars/**] onto handler of type [class org.springframework.web.servlet.resource.ResourceHttpRequestHandler]
2018-03-01 18:30:37.231  INFO 5900 --- [    Test worker] o.s.w.s.handler.SimpleUrlHandlerMapping  : Mapped URL path [/**] onto handler of type [class org.springframework.web.servlet.resource.ResourceHttpRequestHandler]
2018-03-01 18:30:37.521  INFO 5900 --- [    Test worker] o.s.w.s.handler.SimpleUrlHandlerMapping  : Mapped URL path [/**/favicon.ico] onto handler of type [class org.springframework.web.servlet.resource.ResourceHttpRequestHandler]
2018-03-01 18:30:38.894  INFO 5900 --- [    Test worker] com.crud.tasks.TasksApplicationTests     : Started TasksApplicationTests in 20.377 seconds (JVM running for 23.488)
]]></system-out>
  <system-err><![CDATA[]]></system-err>
</testsuite>
